2024-12-01 16:58:12,834 - PointDA - INFO - Copy the Config file from ./cfgs/Scanslon_models/PointDA.yaml to ./experiments/PointDA/Scanslon_models/example/config.yaml
2024-12-01 16:58:12,834 - PointDA - INFO - args.config : ./cfgs/Scanslon_models/PointDA.yaml
2024-12-01 16:58:12,835 - PointDA - INFO - args.launcher : none
2024-12-01 16:58:12,835 - PointDA - INFO - args.local_rank : 0
2024-12-01 16:58:12,835 - PointDA - INFO - args.num_workers : 4
2024-12-01 16:58:12,835 - PointDA - INFO - args.seed : 0
2024-12-01 16:58:12,835 - PointDA - INFO - args.deterministic : False
2024-12-01 16:58:12,836 - PointDA - INFO - args.sync_bn : False
2024-12-01 16:58:12,836 - PointDA - INFO - args.exp_name : example
2024-12-01 16:58:12,836 - PointDA - INFO - args.start_ckpts : None
2024-12-01 16:58:12,836 - PointDA - INFO - args.ckpts : None
2024-12-01 16:58:12,836 - PointDA - INFO - args.val_freq : 1
2024-12-01 16:58:12,837 - PointDA - INFO - args.resume : False
2024-12-01 16:58:12,837 - PointDA - INFO - args.test : False
2024-12-01 16:58:12,837 - PointDA - INFO - args.mode : None
2024-12-01 16:58:12,837 - PointDA - INFO - args.experiment_path : ./experiments/PointDA/Scanslon_models/example
2024-12-01 16:58:12,837 - PointDA - INFO - args.tfboard_path : ./experiments/PointDA/Scanslon_models/TFBoard/example
2024-12-01 16:58:12,837 - PointDA - INFO - args.log_name : PointDA
2024-12-01 16:58:12,838 - PointDA - INFO - args.use_gpu : True
2024-12-01 16:58:12,838 - PointDA - INFO - args.distributed : False
2024-12-01 16:58:12,838 - PointDA - INFO - config.optimizer = edict()
2024-12-01 16:58:12,838 - PointDA - INFO - config.optimizer.type : AdamW
2024-12-01 16:58:12,838 - PointDA - INFO - config.optimizer.kwargs = edict()
2024-12-01 16:58:12,838 - PointDA - INFO - config.optimizer.kwargs.lr : 0.0005
2024-12-01 16:58:12,839 - PointDA - INFO - config.optimizer.kwargs.weight_decay : 0.0005
2024-12-01 16:58:12,839 - PointDA - INFO - config.scheduler = edict()
2024-12-01 16:58:12,839 - PointDA - INFO - config.scheduler.type : LambdaLR
2024-12-01 16:58:12,839 - PointDA - INFO - config.scheduler.kwargs = edict()
2024-12-01 16:58:12,839 - PointDA - INFO - config.scheduler.kwargs.decay_step : 21
2024-12-01 16:58:12,839 - PointDA - INFO - config.scheduler.kwargs.lr_decay : 0.9
2024-12-01 16:58:12,840 - PointDA - INFO - config.scheduler.kwargs.lowest_decay : 0.02
2024-12-01 16:58:12,840 - PointDA - INFO - config.bnmscheduler = edict()
2024-12-01 16:58:12,840 - PointDA - INFO - config.bnmscheduler.type : Lambda
2024-12-01 16:58:12,840 - PointDA - INFO - config.bnmscheduler.kwargs = edict()
2024-12-01 16:58:12,840 - PointDA - INFO - config.bnmscheduler.kwargs.decay_step : 21
2024-12-01 16:58:12,840 - PointDA - INFO - config.bnmscheduler.kwargs.bn_decay : 0.5
2024-12-01 16:58:12,841 - PointDA - INFO - config.bnmscheduler.kwargs.bn_momentum : 0.9
2024-12-01 16:58:12,841 - PointDA - INFO - config.bnmscheduler.kwargs.lowest_decay : 0.01
2024-12-01 16:58:12,841 - PointDA - INFO - config.dataset = edict()
2024-12-01 16:58:12,841 - PointDA - INFO - config.dataset.train = edict()
2024-12-01 16:58:12,841 - PointDA - INFO - config.dataset.train._base_ = edict()
2024-12-01 16:58:12,841 - PointDA - INFO - config.dataset.train._base_.NAME : PCN
2024-12-01 16:58:12,842 - PointDA - INFO - config.dataset.train._base_.CATEGORY_FILE_PATH : data/PCN/PCN.json
2024-12-01 16:58:12,842 - PointDA - INFO - config.dataset.train._base_.N_POINTS : 16384
2024-12-01 16:58:12,842 - PointDA - INFO - config.dataset.train._base_.N_RENDERINGS : 8
2024-12-01 16:58:12,842 - PointDA - INFO - config.dataset.train._base_.PARTIAL_POINTS_PATH : /mnt/dataset/ShapeNetCompletion/%s/partial/%s/%s/%02d.pcd
2024-12-01 16:58:12,842 - PointDA - INFO - config.dataset.train._base_.COMPLETE_POINTS_PATH : /mnt/dataset/ShapeNetCompletion/%s/complete/%s/%s.pcd
2024-12-01 16:58:12,842 - PointDA - INFO - config.dataset.train._base_.CARS : False
2024-12-01 16:58:12,843 - PointDA - INFO - config.dataset.train.others = edict()
2024-12-01 16:58:12,843 - PointDA - INFO - config.dataset.train.others.subset : train
2024-12-01 16:58:12,843 - PointDA - INFO - config.dataset.train.others.bs : 48
2024-12-01 16:58:12,843 - PointDA - INFO - config.dataset.val = edict()
2024-12-01 16:58:12,843 - PointDA - INFO - config.dataset.val._base_ = edict()
2024-12-01 16:58:12,844 - PointDA - INFO - config.dataset.val._base_.NAME : PCN
2024-12-01 16:58:12,844 - PointDA - INFO - config.dataset.val._base_.CATEGORY_FILE_PATH : data/PCN/PCN.json
2024-12-01 16:58:12,844 - PointDA - INFO - config.dataset.val._base_.N_POINTS : 16384
2024-12-01 16:58:12,844 - PointDA - INFO - config.dataset.val._base_.N_RENDERINGS : 8
2024-12-01 16:58:12,844 - PointDA - INFO - config.dataset.val._base_.PARTIAL_POINTS_PATH : /mnt/dataset/ShapeNetCompletion/%s/partial/%s/%s/%02d.pcd
2024-12-01 16:58:12,844 - PointDA - INFO - config.dataset.val._base_.COMPLETE_POINTS_PATH : /mnt/dataset/ShapeNetCompletion/%s/complete/%s/%s.pcd
2024-12-01 16:58:12,845 - PointDA - INFO - config.dataset.val._base_.CARS : False
2024-12-01 16:58:12,845 - PointDA - INFO - config.dataset.val.others = edict()
2024-12-01 16:58:12,845 - PointDA - INFO - config.dataset.val.others.subset : test
2024-12-01 16:58:12,845 - PointDA - INFO - config.dataset.test = edict()
2024-12-01 16:58:12,845 - PointDA - INFO - config.dataset.test._base_ = edict()
2024-12-01 16:58:12,845 - PointDA - INFO - config.dataset.test._base_.NAME : PCN
2024-12-01 16:58:12,846 - PointDA - INFO - config.dataset.test._base_.CATEGORY_FILE_PATH : data/PCN/PCN.json
2024-12-01 16:58:12,846 - PointDA - INFO - config.dataset.test._base_.N_POINTS : 16384
2024-12-01 16:58:12,846 - PointDA - INFO - config.dataset.test._base_.N_RENDERINGS : 8
2024-12-01 16:58:12,846 - PointDA - INFO - config.dataset.test._base_.PARTIAL_POINTS_PATH : /mnt/dataset/ShapeNetCompletion/%s/partial/%s/%s/%02d.pcd
2024-12-01 16:58:12,846 - PointDA - INFO - config.dataset.test._base_.COMPLETE_POINTS_PATH : /mnt/dataset/ShapeNetCompletion/%s/complete/%s/%s.pcd
2024-12-01 16:58:12,846 - PointDA - INFO - config.dataset.test._base_.CARS : False
2024-12-01 16:58:12,847 - PointDA - INFO - config.dataset.test.others = edict()
2024-12-01 16:58:12,847 - PointDA - INFO - config.dataset.test.others.subset : test
2024-12-01 16:58:12,847 - PointDA - INFO - config.model = edict()
2024-12-01 16:58:12,847 - PointDA - INFO - config.model.NAME : PoinTr
2024-12-01 16:58:12,847 - PointDA - INFO - config.model.num_pred : 14336
2024-12-01 16:58:12,847 - PointDA - INFO - config.model.num_query : 224
2024-12-01 16:58:12,848 - PointDA - INFO - config.model.knn_layer : 1
2024-12-01 16:58:12,848 - PointDA - INFO - config.model.trans_dim : 384
2024-12-01 16:58:12,848 - PointDA - INFO - config.total_bs : 48
2024-12-01 16:58:12,848 - PointDA - INFO - config.step_per_update : 1
2024-12-01 16:58:12,848 - PointDA - INFO - config.max_epoch : 300
2024-12-01 16:58:12,848 - PointDA - INFO - config.consider_metric : CDL1
2024-12-01 16:58:12,849 - PointDA - INFO - Distributed training: False
2024-12-01 16:58:12,849 - PointDA - INFO - Set random seed to 0, deterministic: False
2024-12-01 16:58:17,065 - PointDA - INFO - Trainable_parameters:
2024-12-01 16:58:17,066 - PointDA - INFO - =========================
2024-12-01 16:58:17,066 - PointDA - INFO - base_model.grouper.input_trans.weight
2024-12-01 16:58:17,066 - PointDA - INFO - base_model.grouper.input_trans.bias
2024-12-01 16:58:17,067 - PointDA - INFO - base_model.grouper.layer1.0.weight
2024-12-01 16:58:17,067 - PointDA - INFO - base_model.grouper.layer1.1.weight
2024-12-01 16:58:17,067 - PointDA - INFO - base_model.grouper.layer1.1.bias
2024-12-01 16:58:17,067 - PointDA - INFO - base_model.grouper.layer2.0.weight
2024-12-01 16:58:17,068 - PointDA - INFO - base_model.grouper.layer2.1.weight
2024-12-01 16:58:17,068 - PointDA - INFO - base_model.grouper.layer2.1.bias
2024-12-01 16:58:17,068 - PointDA - INFO - base_model.grouper.layer3.0.weight
2024-12-01 16:58:17,068 - PointDA - INFO - base_model.grouper.layer3.1.weight
2024-12-01 16:58:17,068 - PointDA - INFO - base_model.grouper.layer3.1.bias
2024-12-01 16:58:17,069 - PointDA - INFO - base_model.grouper.layer4.0.weight
2024-12-01 16:58:17,069 - PointDA - INFO - base_model.grouper.layer4.1.weight
2024-12-01 16:58:17,069 - PointDA - INFO - base_model.grouper.layer4.1.bias
2024-12-01 16:58:17,069 - PointDA - INFO - base_model.pos_embed.0.weight
2024-12-01 16:58:17,070 - PointDA - INFO - base_model.pos_embed.0.bias
2024-12-01 16:58:17,070 - PointDA - INFO - base_model.pos_embed.1.weight
2024-12-01 16:58:17,070 - PointDA - INFO - base_model.pos_embed.1.bias
2024-12-01 16:58:17,070 - PointDA - INFO - base_model.pos_embed.3.weight
2024-12-01 16:58:17,070 - PointDA - INFO - base_model.pos_embed.3.bias
2024-12-01 16:58:17,071 - PointDA - INFO - base_model.input_proj.0.weight
2024-12-01 16:58:17,071 - PointDA - INFO - base_model.input_proj.0.bias
2024-12-01 16:58:17,071 - PointDA - INFO - base_model.input_proj.1.weight
2024-12-01 16:58:17,071 - PointDA - INFO - base_model.input_proj.1.bias
2024-12-01 16:58:17,071 - PointDA - INFO - base_model.input_proj.3.weight
2024-12-01 16:58:17,072 - PointDA - INFO - base_model.input_proj.3.bias
2024-12-01 16:58:17,072 - PointDA - INFO - base_model.encoder.0.norm1.weight
2024-12-01 16:58:17,072 - PointDA - INFO - base_model.encoder.0.norm1.bias
2024-12-01 16:58:17,072 - PointDA - INFO - base_model.encoder.0.attn.qkv.weight
2024-12-01 16:58:17,072 - PointDA - INFO - base_model.encoder.0.attn.proj.weight
2024-12-01 16:58:17,073 - PointDA - INFO - base_model.encoder.0.attn.proj.bias
2024-12-01 16:58:17,073 - PointDA - INFO - base_model.encoder.0.norm2.weight
2024-12-01 16:58:17,073 - PointDA - INFO - base_model.encoder.0.norm2.bias
2024-12-01 16:58:17,073 - PointDA - INFO - base_model.encoder.0.knn_map.0.weight
2024-12-01 16:58:17,073 - PointDA - INFO - base_model.encoder.0.knn_map.0.bias
2024-12-01 16:58:17,074 - PointDA - INFO - base_model.encoder.0.merge_map.weight
2024-12-01 16:58:17,074 - PointDA - INFO - base_model.encoder.0.merge_map.bias
2024-12-01 16:58:17,074 - PointDA - INFO - base_model.encoder.0.mlp.fc1.weight
2024-12-01 16:58:17,074 - PointDA - INFO - base_model.encoder.0.mlp.fc1.bias
2024-12-01 16:58:17,074 - PointDA - INFO - base_model.encoder.0.mlp.fc2.weight
2024-12-01 16:58:17,075 - PointDA - INFO - base_model.encoder.0.mlp.fc2.bias
2024-12-01 16:58:17,075 - PointDA - INFO - base_model.encoder.1.norm1.weight
2024-12-01 16:58:17,075 - PointDA - INFO - base_model.encoder.1.norm1.bias
2024-12-01 16:58:17,075 - PointDA - INFO - base_model.encoder.1.attn.qkv.weight
2024-12-01 16:58:17,075 - PointDA - INFO - base_model.encoder.1.attn.proj.weight
2024-12-01 16:58:17,076 - PointDA - INFO - base_model.encoder.1.attn.proj.bias
2024-12-01 16:58:17,076 - PointDA - INFO - base_model.encoder.1.norm2.weight
2024-12-01 16:58:17,076 - PointDA - INFO - base_model.encoder.1.norm2.bias
2024-12-01 16:58:17,076 - PointDA - INFO - base_model.encoder.1.knn_map.0.weight
2024-12-01 16:58:17,076 - PointDA - INFO - base_model.encoder.1.knn_map.0.bias
2024-12-01 16:58:17,077 - PointDA - INFO - base_model.encoder.1.merge_map.weight
2024-12-01 16:58:17,077 - PointDA - INFO - base_model.encoder.1.merge_map.bias
2024-12-01 16:58:17,077 - PointDA - INFO - base_model.encoder.1.mlp.fc1.weight
2024-12-01 16:58:17,077 - PointDA - INFO - base_model.encoder.1.mlp.fc1.bias
2024-12-01 16:58:17,078 - PointDA - INFO - base_model.encoder.1.mlp.fc2.weight
2024-12-01 16:58:17,078 - PointDA - INFO - base_model.encoder.1.mlp.fc2.bias
2024-12-01 16:58:17,078 - PointDA - INFO - base_model.encoder.2.norm1.weight
2024-12-01 16:58:17,078 - PointDA - INFO - base_model.encoder.2.norm1.bias
2024-12-01 16:58:17,078 - PointDA - INFO - base_model.encoder.2.attn.qkv.weight
2024-12-01 16:58:17,079 - PointDA - INFO - base_model.encoder.2.attn.proj.weight
2024-12-01 16:58:17,079 - PointDA - INFO - base_model.encoder.2.attn.proj.bias
2024-12-01 16:58:17,079 - PointDA - INFO - base_model.encoder.2.norm2.weight
2024-12-01 16:58:17,079 - PointDA - INFO - base_model.encoder.2.norm2.bias
2024-12-01 16:58:17,080 - PointDA - INFO - base_model.encoder.2.knn_map.0.weight
2024-12-01 16:58:17,080 - PointDA - INFO - base_model.encoder.2.knn_map.0.bias
2024-12-01 16:58:17,080 - PointDA - INFO - base_model.encoder.2.merge_map.weight
2024-12-01 16:58:17,080 - PointDA - INFO - base_model.encoder.2.merge_map.bias
2024-12-01 16:58:17,080 - PointDA - INFO - base_model.encoder.2.mlp.fc1.weight
2024-12-01 16:58:17,081 - PointDA - INFO - base_model.encoder.2.mlp.fc1.bias
2024-12-01 16:58:17,081 - PointDA - INFO - base_model.encoder.2.mlp.fc2.weight
2024-12-01 16:58:17,081 - PointDA - INFO - base_model.encoder.2.mlp.fc2.bias
2024-12-01 16:58:17,081 - PointDA - INFO - base_model.encoder.3.norm1.weight
2024-12-01 16:58:17,082 - PointDA - INFO - base_model.encoder.3.norm1.bias
2024-12-01 16:58:17,082 - PointDA - INFO - base_model.encoder.3.attn.qkv.weight
2024-12-01 16:58:17,082 - PointDA - INFO - base_model.encoder.3.attn.proj.weight
2024-12-01 16:58:17,082 - PointDA - INFO - base_model.encoder.3.attn.proj.bias
2024-12-01 16:58:17,082 - PointDA - INFO - base_model.encoder.3.norm2.weight
2024-12-01 16:58:17,083 - PointDA - INFO - base_model.encoder.3.norm2.bias
2024-12-01 16:58:17,083 - PointDA - INFO - base_model.encoder.3.knn_map.0.weight
2024-12-01 16:58:17,083 - PointDA - INFO - base_model.encoder.3.knn_map.0.bias
2024-12-01 16:58:17,083 - PointDA - INFO - base_model.encoder.3.merge_map.weight
2024-12-01 16:58:17,083 - PointDA - INFO - base_model.encoder.3.merge_map.bias
2024-12-01 16:58:17,084 - PointDA - INFO - base_model.encoder.3.mlp.fc1.weight
2024-12-01 16:58:17,084 - PointDA - INFO - base_model.encoder.3.mlp.fc1.bias
2024-12-01 16:58:17,084 - PointDA - INFO - base_model.encoder.3.mlp.fc2.weight
2024-12-01 16:58:17,084 - PointDA - INFO - base_model.encoder.3.mlp.fc2.bias
2024-12-01 16:58:17,085 - PointDA - INFO - base_model.encoder.4.norm1.weight
2024-12-01 16:58:17,085 - PointDA - INFO - base_model.encoder.4.norm1.bias
2024-12-01 16:58:17,085 - PointDA - INFO - base_model.encoder.4.attn.qkv.weight
2024-12-01 16:58:17,085 - PointDA - INFO - base_model.encoder.4.attn.proj.weight
2024-12-01 16:58:17,085 - PointDA - INFO - base_model.encoder.4.attn.proj.bias
2024-12-01 16:58:17,086 - PointDA - INFO - base_model.encoder.4.norm2.weight
2024-12-01 16:58:17,086 - PointDA - INFO - base_model.encoder.4.norm2.bias
2024-12-01 16:58:17,086 - PointDA - INFO - base_model.encoder.4.knn_map.0.weight
2024-12-01 16:58:17,086 - PointDA - INFO - base_model.encoder.4.knn_map.0.bias
2024-12-01 16:58:17,087 - PointDA - INFO - base_model.encoder.4.merge_map.weight
2024-12-01 16:58:17,087 - PointDA - INFO - base_model.encoder.4.merge_map.bias
2024-12-01 16:58:17,087 - PointDA - INFO - base_model.encoder.4.mlp.fc1.weight
2024-12-01 16:58:17,087 - PointDA - INFO - base_model.encoder.4.mlp.fc1.bias
2024-12-01 16:58:17,087 - PointDA - INFO - base_model.encoder.4.mlp.fc2.weight
2024-12-01 16:58:17,088 - PointDA - INFO - base_model.encoder.4.mlp.fc2.bias
2024-12-01 16:58:17,088 - PointDA - INFO - base_model.encoder.5.norm1.weight
2024-12-01 16:58:17,088 - PointDA - INFO - base_model.encoder.5.norm1.bias
2024-12-01 16:58:17,088 - PointDA - INFO - base_model.encoder.5.attn.qkv.weight
2024-12-01 16:58:17,088 - PointDA - INFO - base_model.encoder.5.attn.proj.weight
2024-12-01 16:58:17,089 - PointDA - INFO - base_model.encoder.5.attn.proj.bias
2024-12-01 16:58:17,089 - PointDA - INFO - base_model.encoder.5.norm2.weight
2024-12-01 16:58:17,089 - PointDA - INFO - base_model.encoder.5.norm2.bias
2024-12-01 16:58:17,089 - PointDA - INFO - base_model.encoder.5.knn_map.0.weight
2024-12-01 16:58:17,090 - PointDA - INFO - base_model.encoder.5.knn_map.0.bias
2024-12-01 16:58:17,090 - PointDA - INFO - base_model.encoder.5.merge_map.weight
2024-12-01 16:58:17,090 - PointDA - INFO - base_model.encoder.5.merge_map.bias
2024-12-01 16:58:17,090 - PointDA - INFO - base_model.encoder.5.mlp.fc1.weight
2024-12-01 16:58:17,090 - PointDA - INFO - base_model.encoder.5.mlp.fc1.bias
2024-12-01 16:58:17,091 - PointDA - INFO - base_model.encoder.5.mlp.fc2.weight
2024-12-01 16:58:17,091 - PointDA - INFO - base_model.encoder.5.mlp.fc2.bias
2024-12-01 16:58:17,091 - PointDA - INFO - base_model.increase_dim.0.weight
2024-12-01 16:58:17,091 - PointDA - INFO - base_model.increase_dim.0.bias
2024-12-01 16:58:17,092 - PointDA - INFO - base_model.increase_dim.1.weight
2024-12-01 16:58:17,092 - PointDA - INFO - base_model.increase_dim.1.bias
2024-12-01 16:58:17,092 - PointDA - INFO - base_model.increase_dim.3.weight
2024-12-01 16:58:17,092 - PointDA - INFO - base_model.increase_dim.3.bias
2024-12-01 16:58:17,092 - PointDA - INFO - base_model.coarse_pred.0.weight
2024-12-01 16:58:17,093 - PointDA - INFO - base_model.coarse_pred.0.bias
2024-12-01 16:58:17,093 - PointDA - INFO - base_model.coarse_pred.2.weight
2024-12-01 16:58:17,093 - PointDA - INFO - base_model.coarse_pred.2.bias
2024-12-01 16:58:17,093 - PointDA - INFO - base_model.mlp_query.0.weight
2024-12-01 16:58:17,093 - PointDA - INFO - base_model.mlp_query.0.bias
2024-12-01 16:58:17,094 - PointDA - INFO - base_model.mlp_query.2.weight
2024-12-01 16:58:17,094 - PointDA - INFO - base_model.mlp_query.2.bias
2024-12-01 16:58:17,094 - PointDA - INFO - base_model.mlp_query.4.weight
2024-12-01 16:58:17,094 - PointDA - INFO - base_model.mlp_query.4.bias
2024-12-01 16:58:17,094 - PointDA - INFO - base_model.decoder.0.norm1.weight
2024-12-01 16:58:17,095 - PointDA - INFO - base_model.decoder.0.norm1.bias
2024-12-01 16:58:17,095 - PointDA - INFO - base_model.decoder.0.self_attn.qkv.weight
2024-12-01 16:58:17,095 - PointDA - INFO - base_model.decoder.0.self_attn.proj.weight
2024-12-01 16:58:17,095 - PointDA - INFO - base_model.decoder.0.self_attn.proj.bias
2024-12-01 16:58:17,096 - PointDA - INFO - base_model.decoder.0.norm_q.weight
2024-12-01 16:58:17,096 - PointDA - INFO - base_model.decoder.0.norm_q.bias
2024-12-01 16:58:17,096 - PointDA - INFO - base_model.decoder.0.norm_v.weight
2024-12-01 16:58:17,096 - PointDA - INFO - base_model.decoder.0.norm_v.bias
2024-12-01 16:58:17,096 - PointDA - INFO - base_model.decoder.0.attn.q_map.weight
2024-12-01 16:58:17,097 - PointDA - INFO - base_model.decoder.0.attn.k_map.weight
2024-12-01 16:58:17,097 - PointDA - INFO - base_model.decoder.0.attn.v_map.weight
2024-12-01 16:58:17,097 - PointDA - INFO - base_model.decoder.0.attn.proj.weight
2024-12-01 16:58:17,097 - PointDA - INFO - base_model.decoder.0.attn.proj.bias
2024-12-01 16:58:17,098 - PointDA - INFO - base_model.decoder.0.norm2.weight
2024-12-01 16:58:17,098 - PointDA - INFO - base_model.decoder.0.norm2.bias
2024-12-01 16:58:17,098 - PointDA - INFO - base_model.decoder.0.mlp.fc1.weight
2024-12-01 16:58:17,098 - PointDA - INFO - base_model.decoder.0.mlp.fc1.bias
2024-12-01 16:58:17,098 - PointDA - INFO - base_model.decoder.0.mlp.fc2.weight
2024-12-01 16:58:17,099 - PointDA - INFO - base_model.decoder.0.mlp.fc2.bias
2024-12-01 16:58:17,099 - PointDA - INFO - base_model.decoder.0.knn_map.0.weight
2024-12-01 16:58:17,099 - PointDA - INFO - base_model.decoder.0.knn_map.0.bias
2024-12-01 16:58:17,099 - PointDA - INFO - base_model.decoder.0.merge_map.weight
2024-12-01 16:58:17,099 - PointDA - INFO - base_model.decoder.0.merge_map.bias
2024-12-01 16:58:17,100 - PointDA - INFO - base_model.decoder.0.knn_map_cross.0.weight
2024-12-01 16:58:17,100 - PointDA - INFO - base_model.decoder.0.knn_map_cross.0.bias
2024-12-01 16:58:17,100 - PointDA - INFO - base_model.decoder.0.merge_map_cross.weight
2024-12-01 16:58:17,100 - PointDA - INFO - base_model.decoder.0.merge_map_cross.bias
2024-12-01 16:58:17,100 - PointDA - INFO - base_model.decoder.1.norm1.weight
2024-12-01 16:58:17,101 - PointDA - INFO - base_model.decoder.1.norm1.bias
2024-12-01 16:58:17,101 - PointDA - INFO - base_model.decoder.1.self_attn.qkv.weight
2024-12-01 16:58:17,101 - PointDA - INFO - base_model.decoder.1.self_attn.proj.weight
2024-12-01 16:58:17,101 - PointDA - INFO - base_model.decoder.1.self_attn.proj.bias
2024-12-01 16:58:17,101 - PointDA - INFO - base_model.decoder.1.norm_q.weight
2024-12-01 16:58:17,102 - PointDA - INFO - base_model.decoder.1.norm_q.bias
2024-12-01 16:58:17,102 - PointDA - INFO - base_model.decoder.1.norm_v.weight
2024-12-01 16:58:17,102 - PointDA - INFO - base_model.decoder.1.norm_v.bias
2024-12-01 16:58:17,102 - PointDA - INFO - base_model.decoder.1.attn.q_map.weight
2024-12-01 16:58:17,103 - PointDA - INFO - base_model.decoder.1.attn.k_map.weight
2024-12-01 16:58:17,103 - PointDA - INFO - base_model.decoder.1.attn.v_map.weight
2024-12-01 16:58:17,103 - PointDA - INFO - base_model.decoder.1.attn.proj.weight
2024-12-01 16:58:17,103 - PointDA - INFO - base_model.decoder.1.attn.proj.bias
2024-12-01 16:58:17,103 - PointDA - INFO - base_model.decoder.1.norm2.weight
2024-12-01 16:58:17,104 - PointDA - INFO - base_model.decoder.1.norm2.bias
2024-12-01 16:58:17,104 - PointDA - INFO - base_model.decoder.1.mlp.fc1.weight
2024-12-01 16:58:17,104 - PointDA - INFO - base_model.decoder.1.mlp.fc1.bias
2024-12-01 16:58:17,104 - PointDA - INFO - base_model.decoder.1.mlp.fc2.weight
2024-12-01 16:58:17,104 - PointDA - INFO - base_model.decoder.1.mlp.fc2.bias
2024-12-01 16:58:17,105 - PointDA - INFO - base_model.decoder.1.knn_map.0.weight
2024-12-01 16:58:17,105 - PointDA - INFO - base_model.decoder.1.knn_map.0.bias
2024-12-01 16:58:17,105 - PointDA - INFO - base_model.decoder.1.merge_map.weight
2024-12-01 16:58:17,105 - PointDA - INFO - base_model.decoder.1.merge_map.bias
2024-12-01 16:58:17,106 - PointDA - INFO - base_model.decoder.1.knn_map_cross.0.weight
2024-12-01 16:58:17,106 - PointDA - INFO - base_model.decoder.1.knn_map_cross.0.bias
2024-12-01 16:58:17,106 - PointDA - INFO - base_model.decoder.1.merge_map_cross.weight
2024-12-01 16:58:17,106 - PointDA - INFO - base_model.decoder.1.merge_map_cross.bias
2024-12-01 16:58:17,106 - PointDA - INFO - base_model.decoder.2.norm1.weight
2024-12-01 16:58:17,107 - PointDA - INFO - base_model.decoder.2.norm1.bias
2024-12-01 16:58:17,107 - PointDA - INFO - base_model.decoder.2.self_attn.qkv.weight
2024-12-01 16:58:17,107 - PointDA - INFO - base_model.decoder.2.self_attn.proj.weight
2024-12-01 16:58:17,107 - PointDA - INFO - base_model.decoder.2.self_attn.proj.bias
2024-12-01 16:58:17,108 - PointDA - INFO - base_model.decoder.2.norm_q.weight
2024-12-01 16:58:17,108 - PointDA - INFO - base_model.decoder.2.norm_q.bias
2024-12-01 16:58:17,108 - PointDA - INFO - base_model.decoder.2.norm_v.weight
2024-12-01 16:58:17,108 - PointDA - INFO - base_model.decoder.2.norm_v.bias
2024-12-01 16:58:17,108 - PointDA - INFO - base_model.decoder.2.attn.q_map.weight
2024-12-01 16:58:17,109 - PointDA - INFO - base_model.decoder.2.attn.k_map.weight
2024-12-01 16:58:17,109 - PointDA - INFO - base_model.decoder.2.attn.v_map.weight
2024-12-01 16:58:17,109 - PointDA - INFO - base_model.decoder.2.attn.proj.weight
2024-12-01 16:58:17,109 - PointDA - INFO - base_model.decoder.2.attn.proj.bias
2024-12-01 16:58:17,110 - PointDA - INFO - base_model.decoder.2.norm2.weight
2024-12-01 16:58:17,110 - PointDA - INFO - base_model.decoder.2.norm2.bias
2024-12-01 16:58:17,110 - PointDA - INFO - base_model.decoder.2.mlp.fc1.weight
2024-12-01 16:58:17,110 - PointDA - INFO - base_model.decoder.2.mlp.fc1.bias
2024-12-01 16:58:17,110 - PointDA - INFO - base_model.decoder.2.mlp.fc2.weight
2024-12-01 16:58:17,111 - PointDA - INFO - base_model.decoder.2.mlp.fc2.bias
2024-12-01 16:58:17,111 - PointDA - INFO - base_model.decoder.2.knn_map.0.weight
2024-12-01 16:58:17,111 - PointDA - INFO - base_model.decoder.2.knn_map.0.bias
2024-12-01 16:58:17,111 - PointDA - INFO - base_model.decoder.2.merge_map.weight
2024-12-01 16:58:17,111 - PointDA - INFO - base_model.decoder.2.merge_map.bias
2024-12-01 16:58:17,112 - PointDA - INFO - base_model.decoder.2.knn_map_cross.0.weight
2024-12-01 16:58:17,112 - PointDA - INFO - base_model.decoder.2.knn_map_cross.0.bias
2024-12-01 16:58:17,112 - PointDA - INFO - base_model.decoder.2.merge_map_cross.weight
2024-12-01 16:58:17,112 - PointDA - INFO - base_model.decoder.2.merge_map_cross.bias
2024-12-01 16:58:17,112 - PointDA - INFO - base_model.decoder.3.norm1.weight
2024-12-01 16:58:17,113 - PointDA - INFO - base_model.decoder.3.norm1.bias
2024-12-01 16:58:17,113 - PointDA - INFO - base_model.decoder.3.self_attn.qkv.weight
2024-12-01 16:58:17,113 - PointDA - INFO - base_model.decoder.3.self_attn.proj.weight
2024-12-01 16:58:17,113 - PointDA - INFO - base_model.decoder.3.self_attn.proj.bias
2024-12-01 16:58:17,114 - PointDA - INFO - base_model.decoder.3.norm_q.weight
2024-12-01 16:58:17,114 - PointDA - INFO - base_model.decoder.3.norm_q.bias
2024-12-01 16:58:17,114 - PointDA - INFO - base_model.decoder.3.norm_v.weight
2024-12-01 16:58:17,114 - PointDA - INFO - base_model.decoder.3.norm_v.bias
2024-12-01 16:58:17,114 - PointDA - INFO - base_model.decoder.3.attn.q_map.weight
2024-12-01 16:58:17,115 - PointDA - INFO - base_model.decoder.3.attn.k_map.weight
2024-12-01 16:58:17,115 - PointDA - INFO - base_model.decoder.3.attn.v_map.weight
2024-12-01 16:58:17,115 - PointDA - INFO - base_model.decoder.3.attn.proj.weight
2024-12-01 16:58:17,115 - PointDA - INFO - base_model.decoder.3.attn.proj.bias
2024-12-01 16:58:17,116 - PointDA - INFO - base_model.decoder.3.norm2.weight
2024-12-01 16:58:17,116 - PointDA - INFO - base_model.decoder.3.norm2.bias
2024-12-01 16:58:17,116 - PointDA - INFO - base_model.decoder.3.mlp.fc1.weight
2024-12-01 16:58:17,116 - PointDA - INFO - base_model.decoder.3.mlp.fc1.bias
2024-12-01 16:58:17,116 - PointDA - INFO - base_model.decoder.3.mlp.fc2.weight
2024-12-01 16:58:17,117 - PointDA - INFO - base_model.decoder.3.mlp.fc2.bias
2024-12-01 16:58:17,117 - PointDA - INFO - base_model.decoder.3.knn_map.0.weight
2024-12-01 16:58:17,117 - PointDA - INFO - base_model.decoder.3.knn_map.0.bias
2024-12-01 16:58:17,117 - PointDA - INFO - base_model.decoder.3.merge_map.weight
2024-12-01 16:58:17,117 - PointDA - INFO - base_model.decoder.3.merge_map.bias
2024-12-01 16:58:17,118 - PointDA - INFO - base_model.decoder.3.knn_map_cross.0.weight
2024-12-01 16:58:17,118 - PointDA - INFO - base_model.decoder.3.knn_map_cross.0.bias
2024-12-01 16:58:17,118 - PointDA - INFO - base_model.decoder.3.merge_map_cross.weight
2024-12-01 16:58:17,118 - PointDA - INFO - base_model.decoder.3.merge_map_cross.bias
2024-12-01 16:58:17,118 - PointDA - INFO - base_model.decoder.4.norm1.weight
2024-12-01 16:58:17,119 - PointDA - INFO - base_model.decoder.4.norm1.bias
2024-12-01 16:58:17,119 - PointDA - INFO - base_model.decoder.4.self_attn.qkv.weight
2024-12-01 16:58:17,119 - PointDA - INFO - base_model.decoder.4.self_attn.proj.weight
2024-12-01 16:58:17,119 - PointDA - INFO - base_model.decoder.4.self_attn.proj.bias
2024-12-01 16:58:17,120 - PointDA - INFO - base_model.decoder.4.norm_q.weight
2024-12-01 16:58:17,120 - PointDA - INFO - base_model.decoder.4.norm_q.bias
2024-12-01 16:58:17,120 - PointDA - INFO - base_model.decoder.4.norm_v.weight
2024-12-01 16:58:17,120 - PointDA - INFO - base_model.decoder.4.norm_v.bias
2024-12-01 16:58:17,120 - PointDA - INFO - base_model.decoder.4.attn.q_map.weight
2024-12-01 16:58:17,121 - PointDA - INFO - base_model.decoder.4.attn.k_map.weight
2024-12-01 16:58:17,121 - PointDA - INFO - base_model.decoder.4.attn.v_map.weight
2024-12-01 16:58:17,121 - PointDA - INFO - base_model.decoder.4.attn.proj.weight
2024-12-01 16:58:17,121 - PointDA - INFO - base_model.decoder.4.attn.proj.bias
2024-12-01 16:58:17,121 - PointDA - INFO - base_model.decoder.4.norm2.weight
2024-12-01 16:58:17,121 - PointDA - INFO - base_model.decoder.4.norm2.bias
2024-12-01 16:58:17,122 - PointDA - INFO - base_model.decoder.4.mlp.fc1.weight
2024-12-01 16:58:17,122 - PointDA - INFO - base_model.decoder.4.mlp.fc1.bias
2024-12-01 16:58:17,122 - PointDA - INFO - base_model.decoder.4.mlp.fc2.weight
2024-12-01 16:58:17,122 - PointDA - INFO - base_model.decoder.4.mlp.fc2.bias
2024-12-01 16:58:17,122 - PointDA - INFO - base_model.decoder.4.knn_map.0.weight
2024-12-01 16:58:17,123 - PointDA - INFO - base_model.decoder.4.knn_map.0.bias
2024-12-01 16:58:17,123 - PointDA - INFO - base_model.decoder.4.merge_map.weight
2024-12-01 16:58:17,123 - PointDA - INFO - base_model.decoder.4.merge_map.bias
2024-12-01 16:58:17,123 - PointDA - INFO - base_model.decoder.4.knn_map_cross.0.weight
2024-12-01 16:58:17,123 - PointDA - INFO - base_model.decoder.4.knn_map_cross.0.bias
2024-12-01 16:58:17,124 - PointDA - INFO - base_model.decoder.4.merge_map_cross.weight
2024-12-01 16:58:17,124 - PointDA - INFO - base_model.decoder.4.merge_map_cross.bias
2024-12-01 16:58:17,124 - PointDA - INFO - base_model.decoder.5.norm1.weight
2024-12-01 16:58:17,124 - PointDA - INFO - base_model.decoder.5.norm1.bias
2024-12-01 16:58:17,125 - PointDA - INFO - base_model.decoder.5.self_attn.qkv.weight
2024-12-01 16:58:17,125 - PointDA - INFO - base_model.decoder.5.self_attn.proj.weight
2024-12-01 16:58:17,125 - PointDA - INFO - base_model.decoder.5.self_attn.proj.bias
2024-12-01 16:58:17,125 - PointDA - INFO - base_model.decoder.5.norm_q.weight
2024-12-01 16:58:17,125 - PointDA - INFO - base_model.decoder.5.norm_q.bias
2024-12-01 16:58:17,125 - PointDA - INFO - base_model.decoder.5.norm_v.weight
2024-12-01 16:58:17,126 - PointDA - INFO - base_model.decoder.5.norm_v.bias
2024-12-01 16:58:17,126 - PointDA - INFO - base_model.decoder.5.attn.q_map.weight
2024-12-01 16:58:17,126 - PointDA - INFO - base_model.decoder.5.attn.k_map.weight
2024-12-01 16:58:17,126 - PointDA - INFO - base_model.decoder.5.attn.v_map.weight
2024-12-01 16:58:17,126 - PointDA - INFO - base_model.decoder.5.attn.proj.weight
2024-12-01 16:58:17,127 - PointDA - INFO - base_model.decoder.5.attn.proj.bias
2024-12-01 16:58:17,127 - PointDA - INFO - base_model.decoder.5.norm2.weight
2024-12-01 16:58:17,127 - PointDA - INFO - base_model.decoder.5.norm2.bias
2024-12-01 16:58:17,127 - PointDA - INFO - base_model.decoder.5.mlp.fc1.weight
2024-12-01 16:58:17,127 - PointDA - INFO - base_model.decoder.5.mlp.fc1.bias
2024-12-01 16:58:17,128 - PointDA - INFO - base_model.decoder.5.mlp.fc2.weight
2024-12-01 16:58:17,128 - PointDA - INFO - base_model.decoder.5.mlp.fc2.bias
2024-12-01 16:58:17,128 - PointDA - INFO - base_model.decoder.5.knn_map.0.weight
2024-12-01 16:58:17,128 - PointDA - INFO - base_model.decoder.5.knn_map.0.bias
2024-12-01 16:58:17,128 - PointDA - INFO - base_model.decoder.5.merge_map.weight
2024-12-01 16:58:17,129 - PointDA - INFO - base_model.decoder.5.merge_map.bias
2024-12-01 16:58:17,129 - PointDA - INFO - base_model.decoder.5.knn_map_cross.0.weight
2024-12-01 16:58:17,129 - PointDA - INFO - base_model.decoder.5.knn_map_cross.0.bias
2024-12-01 16:58:17,129 - PointDA - INFO - base_model.decoder.5.merge_map_cross.weight
2024-12-01 16:58:17,129 - PointDA - INFO - base_model.decoder.5.merge_map_cross.bias
2024-12-01 16:58:17,130 - PointDA - INFO - base_model.decoder.6.norm1.weight
2024-12-01 16:58:17,130 - PointDA - INFO - base_model.decoder.6.norm1.bias
2024-12-01 16:58:17,130 - PointDA - INFO - base_model.decoder.6.self_attn.qkv.weight
2024-12-01 16:58:17,130 - PointDA - INFO - base_model.decoder.6.self_attn.proj.weight
2024-12-01 16:58:17,130 - PointDA - INFO - base_model.decoder.6.self_attn.proj.bias
2024-12-01 16:58:17,131 - PointDA - INFO - base_model.decoder.6.norm_q.weight
2024-12-01 16:58:17,131 - PointDA - INFO - base_model.decoder.6.norm_q.bias
2024-12-01 16:58:17,131 - PointDA - INFO - base_model.decoder.6.norm_v.weight
2024-12-01 16:58:17,131 - PointDA - INFO - base_model.decoder.6.norm_v.bias
2024-12-01 16:58:17,131 - PointDA - INFO - base_model.decoder.6.attn.q_map.weight
2024-12-01 16:58:17,132 - PointDA - INFO - base_model.decoder.6.attn.k_map.weight
2024-12-01 16:58:17,132 - PointDA - INFO - base_model.decoder.6.attn.v_map.weight
2024-12-01 16:58:17,132 - PointDA - INFO - base_model.decoder.6.attn.proj.weight
2024-12-01 16:58:17,132 - PointDA - INFO - base_model.decoder.6.attn.proj.bias
2024-12-01 16:58:17,132 - PointDA - INFO - base_model.decoder.6.norm2.weight
2024-12-01 16:58:17,133 - PointDA - INFO - base_model.decoder.6.norm2.bias
2024-12-01 16:58:17,133 - PointDA - INFO - base_model.decoder.6.mlp.fc1.weight
2024-12-01 16:58:17,133 - PointDA - INFO - base_model.decoder.6.mlp.fc1.bias
2024-12-01 16:58:17,133 - PointDA - INFO - base_model.decoder.6.mlp.fc2.weight
2024-12-01 16:58:17,133 - PointDA - INFO - base_model.decoder.6.mlp.fc2.bias
2024-12-01 16:58:17,134 - PointDA - INFO - base_model.decoder.6.knn_map.0.weight
2024-12-01 16:58:17,134 - PointDA - INFO - base_model.decoder.6.knn_map.0.bias
2024-12-01 16:58:17,134 - PointDA - INFO - base_model.decoder.6.merge_map.weight
2024-12-01 16:58:17,134 - PointDA - INFO - base_model.decoder.6.merge_map.bias
2024-12-01 16:58:17,134 - PointDA - INFO - base_model.decoder.6.knn_map_cross.0.weight
2024-12-01 16:58:17,135 - PointDA - INFO - base_model.decoder.6.knn_map_cross.0.bias
2024-12-01 16:58:17,135 - PointDA - INFO - base_model.decoder.6.merge_map_cross.weight
2024-12-01 16:58:17,135 - PointDA - INFO - base_model.decoder.6.merge_map_cross.bias
2024-12-01 16:58:17,135 - PointDA - INFO - base_model.decoder.7.norm1.weight
2024-12-01 16:58:17,135 - PointDA - INFO - base_model.decoder.7.norm1.bias
2024-12-01 16:58:17,136 - PointDA - INFO - base_model.decoder.7.self_attn.qkv.weight
2024-12-01 16:58:17,136 - PointDA - INFO - base_model.decoder.7.self_attn.proj.weight
2024-12-01 16:58:17,136 - PointDA - INFO - base_model.decoder.7.self_attn.proj.bias
2024-12-01 16:58:17,136 - PointDA - INFO - base_model.decoder.7.norm_q.weight
2024-12-01 16:58:17,136 - PointDA - INFO - base_model.decoder.7.norm_q.bias
2024-12-01 16:58:17,137 - PointDA - INFO - base_model.decoder.7.norm_v.weight
2024-12-01 16:58:17,137 - PointDA - INFO - base_model.decoder.7.norm_v.bias
2024-12-01 16:58:17,137 - PointDA - INFO - base_model.decoder.7.attn.q_map.weight
2024-12-01 16:58:17,137 - PointDA - INFO - base_model.decoder.7.attn.k_map.weight
2024-12-01 16:58:17,138 - PointDA - INFO - base_model.decoder.7.attn.v_map.weight
2024-12-01 16:58:17,138 - PointDA - INFO - base_model.decoder.7.attn.proj.weight
2024-12-01 16:58:17,138 - PointDA - INFO - base_model.decoder.7.attn.proj.bias
2024-12-01 16:58:17,138 - PointDA - INFO - base_model.decoder.7.norm2.weight
2024-12-01 16:58:17,138 - PointDA - INFO - base_model.decoder.7.norm2.bias
2024-12-01 16:58:17,139 - PointDA - INFO - base_model.decoder.7.mlp.fc1.weight
2024-12-01 16:58:17,139 - PointDA - INFO - base_model.decoder.7.mlp.fc1.bias
2024-12-01 16:58:17,139 - PointDA - INFO - base_model.decoder.7.mlp.fc2.weight
2024-12-01 16:58:17,139 - PointDA - INFO - base_model.decoder.7.mlp.fc2.bias
2024-12-01 16:58:17,140 - PointDA - INFO - base_model.decoder.7.knn_map.0.weight
2024-12-01 16:58:17,140 - PointDA - INFO - base_model.decoder.7.knn_map.0.bias
2024-12-01 16:58:17,140 - PointDA - INFO - base_model.decoder.7.merge_map.weight
2024-12-01 16:58:17,140 - PointDA - INFO - base_model.decoder.7.merge_map.bias
2024-12-01 16:58:17,140 - PointDA - INFO - base_model.decoder.7.knn_map_cross.0.weight
2024-12-01 16:58:17,141 - PointDA - INFO - base_model.decoder.7.knn_map_cross.0.bias
2024-12-01 16:58:17,141 - PointDA - INFO - base_model.decoder.7.merge_map_cross.weight
2024-12-01 16:58:17,141 - PointDA - INFO - base_model.decoder.7.merge_map_cross.bias
2024-12-01 16:58:17,141 - PointDA - INFO - foldingnet.folding1.0.weight
2024-12-01 16:58:17,141 - PointDA - INFO - foldingnet.folding1.0.bias
2024-12-01 16:58:17,142 - PointDA - INFO - foldingnet.folding1.1.weight
2024-12-01 16:58:17,142 - PointDA - INFO - foldingnet.folding1.1.bias
2024-12-01 16:58:17,142 - PointDA - INFO - foldingnet.folding1.3.weight
2024-12-01 16:58:17,142 - PointDA - INFO - foldingnet.folding1.3.bias
2024-12-01 16:58:17,143 - PointDA - INFO - foldingnet.folding1.4.weight
2024-12-01 16:58:17,143 - PointDA - INFO - foldingnet.folding1.4.bias
2024-12-01 16:58:17,143 - PointDA - INFO - foldingnet.folding1.6.weight
2024-12-01 16:58:17,143 - PointDA - INFO - foldingnet.folding1.6.bias
2024-12-01 16:58:17,143 - PointDA - INFO - foldingnet.folding2.0.weight
2024-12-01 16:58:17,144 - PointDA - INFO - foldingnet.folding2.0.bias
2024-12-01 16:58:17,144 - PointDA - INFO - foldingnet.folding2.1.weight
2024-12-01 16:58:17,144 - PointDA - INFO - foldingnet.folding2.1.bias
2024-12-01 16:58:17,144 - PointDA - INFO - foldingnet.folding2.3.weight
2024-12-01 16:58:17,144 - PointDA - INFO - foldingnet.folding2.3.bias
2024-12-01 16:58:17,145 - PointDA - INFO - foldingnet.folding2.4.weight
2024-12-01 16:58:17,145 - PointDA - INFO - foldingnet.folding2.4.bias
2024-12-01 16:58:17,145 - PointDA - INFO - foldingnet.folding2.6.weight
2024-12-01 16:58:17,145 - PointDA - INFO - foldingnet.folding2.6.bias
2024-12-01 16:58:17,146 - PointDA - INFO - increase_dim.0.weight
2024-12-01 16:58:17,146 - PointDA - INFO - increase_dim.0.bias
2024-12-01 16:58:17,146 - PointDA - INFO - increase_dim.1.weight
2024-12-01 16:58:17,146 - PointDA - INFO - increase_dim.1.bias
2024-12-01 16:58:17,146 - PointDA - INFO - increase_dim.3.weight
2024-12-01 16:58:17,147 - PointDA - INFO - increase_dim.3.bias
2024-12-01 16:58:17,147 - PointDA - INFO - reduce_map.weight
2024-12-01 16:58:17,147 - PointDA - INFO - reduce_map.bias
2024-12-01 16:58:17,147 - PointDA - INFO - =========================
2024-12-01 16:58:17,147 - PointDA - INFO - Untrainable_parameters:
2024-12-01 16:58:17,148 - PointDA - INFO - =========================
2024-12-01 16:58:17,150 - PointDA - INFO - =========================
2024-12-01 16:58:17,150 - PointDA - INFO - Using Data parallel ...
